<?xml version="1.0" encoding="UTF-8"?>
<testsuite name="hu.bme.mit.train.tachograph.TrainTachographTest" tests="1" skipped="0" failures="0" errors="0" timestamp="2022-05-06T08:36:32" hostname="cloud-44305" time="0.21">
  <properties/>
  <testcase name="CheckCollectionIsNotEmpty" classname="hu.bme.mit.train.tachograph.TrainTachographTest" time="0.21"/>
  <system-out><![CDATA[]]></system-out>
  <system-err><![CDATA[]]></system-err>
</testsuite>
